CRITICAL - 2023-08-14 15:37:11 --> Cannot call constructor
in APPPATH/Controllers/Upload.php on line 14.
 1 SYSTEMPATH/CodeIgniter.php(904): App\Controllers\Upload->__construct()
 2 SYSTEMPATH/CodeIgniter.php(488): CodeIgniter\CodeIgniter->createController()
 3 SYSTEMPATH/CodeIgniter.php(366): CodeIgniter\CodeIgniter->handleRequest()
 4 FCPATH/index.php(67): CodeIgniter\CodeIgniter->run()
CRITICAL - 2023-08-14 15:37:27 --> Cannot call constructor
in APPPATH/Controllers/Upload.php on line 14.
 1 SYSTEMPATH/CodeIgniter.php(904): App\Controllers\Upload->__construct()
 2 SYSTEMPATH/CodeIgniter.php(488): CodeIgniter\CodeIgniter->createController()
 3 SYSTEMPATH/CodeIgniter.php(366): CodeIgniter\CodeIgniter->handleRequest()
 4 FCPATH/index.php(67): CodeIgniter\CodeIgniter->run()
CRITICAL - 2023-08-14 15:43:34 --> Cannot call constructor
in APPPATH/Controllers/Upload.php on line 14.
 1 SYSTEMPATH/CodeIgniter.php(904): App\Controllers\Upload->__construct()
 2 SYSTEMPATH/CodeIgniter.php(488): CodeIgniter\CodeIgniter->createController()
 3 SYSTEMPATH/CodeIgniter.php(366): CodeIgniter\CodeIgniter->handleRequest()
 4 FCPATH/index.php(67): CodeIgniter\CodeIgniter->run()
CRITICAL - 2023-08-14 15:43:35 --> Cannot call constructor
in APPPATH/Controllers/Upload.php on line 14.
 1 SYSTEMPATH/CodeIgniter.php(904): App\Controllers\Upload->__construct()
 2 SYSTEMPATH/CodeIgniter.php(488): CodeIgniter\CodeIgniter->createController()
 3 SYSTEMPATH/CodeIgniter.php(366): CodeIgniter\CodeIgniter->handleRequest()
 4 FCPATH/index.php(67): CodeIgniter\CodeIgniter->run()
