CRITICAL - 2023-07-06 12:15:06 --> Class 'Config\Cors' not found
in SYSTEMPATH/Filters/Filters.php on line 166.
 1 SYSTEMPATH/CodeIgniter.php(471): CodeIgniter\Filters\Filters->run()
 2 SYSTEMPATH/CodeIgniter.php(366): CodeIgniter\CodeIgniter->handleRequest()
 3 FCPATH/index.php(67): CodeIgniter\CodeIgniter->run()
 4 SYSTEMPATH/Commands/Server/rewrite.php(47): require_once('/srv/www/htdocs/app/public/index.php')
CRITICAL - 2023-07-06 12:20:03 --> Class 'Config\Cors' not found
in SYSTEMPATH/Filters/Filters.php on line 166.
 1 SYSTEMPATH/CodeIgniter.php(471): CodeIgniter\Filters\Filters->run()
 2 SYSTEMPATH/CodeIgniter.php(366): CodeIgniter\CodeIgniter->handleRequest()
 3 FCPATH/index.php(67): CodeIgniter\CodeIgniter->run()
 4 SYSTEMPATH/Commands/Server/rewrite.php(47): require_once('/srv/www/htdocs/app/public/index.php')
CRITICAL - 2023-07-06 12:37:10 --> Class 'Config\Cors' not found
in SYSTEMPATH/Filters/Filters.php on line 166.
 1 SYSTEMPATH/CodeIgniter.php(471): CodeIgniter\Filters\Filters->run()
 2 SYSTEMPATH/CodeIgniter.php(366): CodeIgniter\CodeIgniter->handleRequest()
 3 FCPATH/index.php(67): CodeIgniter\CodeIgniter->run()
 4 SYSTEMPATH/Commands/Server/rewrite.php(47): require_once('/srv/www/htdocs/app/public/index.php')
CRITICAL - 2023-07-06 20:10:52 --> Call to undefined method CodeIgniter\HTTP\Response::json()
in APPPATH/Controllers/Products.php on line 58.
 1 SYSTEMPATH/CodeIgniter.php(932): App\Controllers\Products->create()
 2 SYSTEMPATH/CodeIgniter.php(497): CodeIgniter\CodeIgniter->runController()
 3 SYSTEMPATH/CodeIgniter.php(366): CodeIgniter\CodeIgniter->handleRequest()
 4 FCPATH/index.php(67): CodeIgniter\CodeIgniter->run()
 5 SYSTEMPATH/Commands/Server/rewrite.php(47): require_once('/srv/www/htdocs/app/public/index.php')
CRITICAL - 2023-07-06 20:17:09 --> Undefined property: App\Controllers\Products::$UserModel
in APPPATH/Controllers/Products.php on line 61.
 1 APPPATH/Controllers/Products.php(61): CodeIgniter\Debug\Exceptions->errorHandler()
 2 SYSTEMPATH/CodeIgniter.php(932): App\Controllers\Products->create()
 3 SYSTEMPATH/CodeIgniter.php(497): CodeIgniter\CodeIgniter->runController()
 4 SYSTEMPATH/CodeIgniter.php(366): CodeIgniter\CodeIgniter->handleRequest()
 5 FCPATH/index.php(67): CodeIgniter\CodeIgniter->run()
 6 SYSTEMPATH/Commands/Server/rewrite.php(47): require_once('/srv/www/htdocs/app/public/index.php')
CRITICAL - 2023-07-06 20:26:09 --> Trying to get property 'product_name' of non-object
in APPPATH/Controllers/Products.php on line 39.
 1 APPPATH/Controllers/Products.php(39): CodeIgniter\Debug\Exceptions->errorHandler()
 2 SYSTEMPATH/CodeIgniter.php(932): App\Controllers\Products->create()
 3 SYSTEMPATH/CodeIgniter.php(497): CodeIgniter\CodeIgniter->runController()
 4 SYSTEMPATH/CodeIgniter.php(366): CodeIgniter\CodeIgniter->handleRequest()
 5 FCPATH/index.php(67): CodeIgniter\CodeIgniter->run()
 6 SYSTEMPATH/Commands/Server/rewrite.php(47): require_once('/srv/www/htdocs/app/public/index.php')
