ERROR - 2023-08-02 12:39:55 --> mysqli_sql_exception: Unknown column 'category_id' in 'field list' in /srv/www/htdocs/app/vendor/codeigniter4/framework/system/Database/MySQLi/Connection.php:295
Stack trace:
#0 /srv/www/htdocs/app/vendor/codeigniter4/framework/system/Database/MySQLi/Connection.php(295): mysqli->query()
#1 /srv/www/htdocs/app/vendor/codeigniter4/framework/system/Database/BaseConnection.php(692): CodeIgniter\Database\MySQLi\Connection->execute()
#2 /srv/www/htdocs/app/vendor/codeigniter4/framework/system/Database/BaseConnection.php(606): CodeIgniter\Database\BaseConnection->simpleQuery()
#3 /srv/www/htdocs/app/vendor/codeigniter4/framework/system/Database/BaseBuilder.php(2309): CodeIgniter\Database\BaseConnection->query()
#4 /srv/www/htdocs/app/vendor/codeigniter4/framework/system/Model.php(330): CodeIgniter\Database\BaseBuilder->insert()
#5 /srv/www/htdocs/app/vendor/codeigniter4/framework/system/BaseModel.php(782): CodeIgniter\Model->doInsert()
#6 /srv/www/htdocs/app/vendor/codeigniter4/framework/system/Model.php(730): CodeIgniter\BaseModel->insert()
#7 /srv/www/htdocs/app/app/Controllers/RestMovie.php(38): CodeIgniter\Model->insert()
#8 /srv/www/htdocs/app/vendor/codeigniter4/framework/system/CodeIgniter.php(932): App\Controllers\RestMovie->create()
#9 /srv/www/htdocs/app/vendor/codeigniter4/framework/system/CodeIgniter.php(497): CodeIgniter\CodeIgniter->runController()
#10 /srv/www/htdocs/app/vendor/codeigniter4/framework/system/CodeIgniter.php(366): CodeIgniter\CodeIgniter->handleRequest()
#11 /srv/www/htdocs/app/public/index.php(67): CodeIgniter\CodeIgniter->run()
#12 /srv/www/htdocs/app/vendor/codeigniter4/framework/system/Commands/Server/rewrite.php(47): require_once('/srv/www/htdocs...')
#13 {main}
CRITICAL - 2023-08-02 12:39:55 --> Unknown column 'category_id' in 'field list'
in SYSTEMPATH/Database/MySQLi/Connection.php on line 295.
 1 SYSTEMPATH/Database/MySQLi/Connection.php(295): mysqli->query()
 2 SYSTEMPATH/Database/BaseConnection.php(692): CodeIgniter\Database\MySQLi\Connection->execute()
 3 SYSTEMPATH/Database/BaseConnection.php(606): CodeIgniter\Database\BaseConnection->simpleQuery()
 4 SYSTEMPATH/Database/BaseBuilder.php(2309): CodeIgniter\Database\BaseConnection->query()
 5 SYSTEMPATH/Model.php(330): CodeIgniter\Database\BaseBuilder->insert()
 6 SYSTEMPATH/BaseModel.php(782): CodeIgniter\Model->doInsert()
 7 SYSTEMPATH/Model.php(730): CodeIgniter\BaseModel->insert()
 8 APPPATH/Controllers/RestMovie.php(38): CodeIgniter\Model->insert()
 9 SYSTEMPATH/CodeIgniter.php(932): App\Controllers\RestMovie->create()
10 SYSTEMPATH/CodeIgniter.php(497): CodeIgniter\CodeIgniter->runController()
11 SYSTEMPATH/CodeIgniter.php(366): CodeIgniter\CodeIgniter->handleRequest()
12 FCPATH/index.php(67): CodeIgniter\CodeIgniter->run()
13 SYSTEMPATH/Commands/Server/rewrite.php(47): require_once('/srv/www/htdocs/app/public/index.php')
ERROR - 2023-08-02 12:40:29 --> mysqli_sql_exception: Unknown column 'category_id' in 'field list' in /srv/www/htdocs/app/vendor/codeigniter4/framework/system/Database/MySQLi/Connection.php:295
Stack trace:
#0 /srv/www/htdocs/app/vendor/codeigniter4/framework/system/Database/MySQLi/Connection.php(295): mysqli->query()
#1 /srv/www/htdocs/app/vendor/codeigniter4/framework/system/Database/BaseConnection.php(692): CodeIgniter\Database\MySQLi\Connection->execute()
#2 /srv/www/htdocs/app/vendor/codeigniter4/framework/system/Database/BaseConnection.php(606): CodeIgniter\Database\BaseConnection->simpleQuery()
#3 /srv/www/htdocs/app/vendor/codeigniter4/framework/system/Database/BaseBuilder.php(2309): CodeIgniter\Database\BaseConnection->query()
#4 /srv/www/htdocs/app/vendor/codeigniter4/framework/system/Model.php(330): CodeIgniter\Database\BaseBuilder->insert()
#5 /srv/www/htdocs/app/vendor/codeigniter4/framework/system/BaseModel.php(782): CodeIgniter\Model->doInsert()
#6 /srv/www/htdocs/app/vendor/codeigniter4/framework/system/Model.php(730): CodeIgniter\BaseModel->insert()
#7 /srv/www/htdocs/app/app/Controllers/RestMovie.php(38): CodeIgniter\Model->insert()
#8 /srv/www/htdocs/app/vendor/codeigniter4/framework/system/CodeIgniter.php(932): App\Controllers\RestMovie->create()
#9 /srv/www/htdocs/app/vendor/codeigniter4/framework/system/CodeIgniter.php(497): CodeIgniter\CodeIgniter->runController()
#10 /srv/www/htdocs/app/vendor/codeigniter4/framework/system/CodeIgniter.php(366): CodeIgniter\CodeIgniter->handleRequest()
#11 /srv/www/htdocs/app/public/index.php(67): CodeIgniter\CodeIgniter->run()
#12 /srv/www/htdocs/app/vendor/codeigniter4/framework/system/Commands/Server/rewrite.php(47): require_once('/srv/www/htdocs...')
#13 {main}
CRITICAL - 2023-08-02 12:40:29 --> Unknown column 'category_id' in 'field list'
in SYSTEMPATH/Database/MySQLi/Connection.php on line 295.
 1 SYSTEMPATH/Database/MySQLi/Connection.php(295): mysqli->query()
 2 SYSTEMPATH/Database/BaseConnection.php(692): CodeIgniter\Database\MySQLi\Connection->execute()
 3 SYSTEMPATH/Database/BaseConnection.php(606): CodeIgniter\Database\BaseConnection->simpleQuery()
 4 SYSTEMPATH/Database/BaseBuilder.php(2309): CodeIgniter\Database\BaseConnection->query()
 5 SYSTEMPATH/Model.php(330): CodeIgniter\Database\BaseBuilder->insert()
 6 SYSTEMPATH/BaseModel.php(782): CodeIgniter\Model->doInsert()
 7 SYSTEMPATH/Model.php(730): CodeIgniter\BaseModel->insert()
 8 APPPATH/Controllers/RestMovie.php(38): CodeIgniter\Model->insert()
 9 SYSTEMPATH/CodeIgniter.php(932): App\Controllers\RestMovie->create()
10 SYSTEMPATH/CodeIgniter.php(497): CodeIgniter\CodeIgniter->runController()
11 SYSTEMPATH/CodeIgniter.php(366): CodeIgniter\CodeIgniter->handleRequest()
12 FCPATH/index.php(67): CodeIgniter\CodeIgniter->run()
13 SYSTEMPATH/Commands/Server/rewrite.php(47): require_once('/srv/www/htdocs/app/public/index.php')
ERROR - 2023-08-02 12:40:56 --> mysqli_sql_exception: Unknown column 'category_id' in 'field list' in /srv/www/htdocs/app/vendor/codeigniter4/framework/system/Database/MySQLi/Connection.php:295
Stack trace:
#0 /srv/www/htdocs/app/vendor/codeigniter4/framework/system/Database/MySQLi/Connection.php(295): mysqli->query()
#1 /srv/www/htdocs/app/vendor/codeigniter4/framework/system/Database/BaseConnection.php(692): CodeIgniter\Database\MySQLi\Connection->execute()
#2 /srv/www/htdocs/app/vendor/codeigniter4/framework/system/Database/BaseConnection.php(606): CodeIgniter\Database\BaseConnection->simpleQuery()
#3 /srv/www/htdocs/app/vendor/codeigniter4/framework/system/Database/BaseBuilder.php(2309): CodeIgniter\Database\BaseConnection->query()
#4 /srv/www/htdocs/app/vendor/codeigniter4/framework/system/Model.php(330): CodeIgniter\Database\BaseBuilder->insert()
#5 /srv/www/htdocs/app/vendor/codeigniter4/framework/system/BaseModel.php(782): CodeIgniter\Model->doInsert()
#6 /srv/www/htdocs/app/vendor/codeigniter4/framework/system/Model.php(730): CodeIgniter\BaseModel->insert()
#7 /srv/www/htdocs/app/app/Controllers/RestMovie.php(38): CodeIgniter\Model->insert()
#8 /srv/www/htdocs/app/vendor/codeigniter4/framework/system/CodeIgniter.php(932): App\Controllers\RestMovie->create()
#9 /srv/www/htdocs/app/vendor/codeigniter4/framework/system/CodeIgniter.php(497): CodeIgniter\CodeIgniter->runController()
#10 /srv/www/htdocs/app/vendor/codeigniter4/framework/system/CodeIgniter.php(366): CodeIgniter\CodeIgniter->handleRequest()
#11 /srv/www/htdocs/app/public/index.php(67): CodeIgniter\CodeIgniter->run()
#12 /srv/www/htdocs/app/vendor/codeigniter4/framework/system/Commands/Server/rewrite.php(47): require_once('/srv/www/htdocs...')
#13 {main}
CRITICAL - 2023-08-02 12:40:56 --> Unknown column 'category_id' in 'field list'
in SYSTEMPATH/Database/MySQLi/Connection.php on line 295.
 1 SYSTEMPATH/Database/MySQLi/Connection.php(295): mysqli->query()
 2 SYSTEMPATH/Database/BaseConnection.php(692): CodeIgniter\Database\MySQLi\Connection->execute()
 3 SYSTEMPATH/Database/BaseConnection.php(606): CodeIgniter\Database\BaseConnection->simpleQuery()
 4 SYSTEMPATH/Database/BaseBuilder.php(2309): CodeIgniter\Database\BaseConnection->query()
 5 SYSTEMPATH/Model.php(330): CodeIgniter\Database\BaseBuilder->insert()
 6 SYSTEMPATH/BaseModel.php(782): CodeIgniter\Model->doInsert()
 7 SYSTEMPATH/Model.php(730): CodeIgniter\BaseModel->insert()
 8 APPPATH/Controllers/RestMovie.php(38): CodeIgniter\Model->insert()
 9 SYSTEMPATH/CodeIgniter.php(932): App\Controllers\RestMovie->create()
10 SYSTEMPATH/CodeIgniter.php(497): CodeIgniter\CodeIgniter->runController()
11 SYSTEMPATH/CodeIgniter.php(366): CodeIgniter\CodeIgniter->handleRequest()
12 FCPATH/index.php(67): CodeIgniter\CodeIgniter->run()
13 SYSTEMPATH/Commands/Server/rewrite.php(47): require_once('/srv/www/htdocs/app/public/index.php')
ERROR - 2023-08-02 12:46:26 --> mysqli_sql_exception: Operand should contain 1 column(s) in /srv/www/htdocs/app/vendor/codeigniter4/framework/system/Database/MySQLi/Connection.php:295
Stack trace:
#0 /srv/www/htdocs/app/vendor/codeigniter4/framework/system/Database/MySQLi/Connection.php(295): mysqli->query()
#1 /srv/www/htdocs/app/vendor/codeigniter4/framework/system/Database/BaseConnection.php(692): CodeIgniter\Database\MySQLi\Connection->execute()
#2 /srv/www/htdocs/app/vendor/codeigniter4/framework/system/Database/BaseConnection.php(606): CodeIgniter\Database\BaseConnection->simpleQuery()
#3 /srv/www/htdocs/app/vendor/codeigniter4/framework/system/Database/BaseBuilder.php(2309): CodeIgniter\Database\BaseConnection->query()
#4 /srv/www/htdocs/app/vendor/codeigniter4/framework/system/Model.php(330): CodeIgniter\Database\BaseBuilder->insert()
#5 /srv/www/htdocs/app/vendor/codeigniter4/framework/system/BaseModel.php(782): CodeIgniter\Model->doInsert()
#6 /srv/www/htdocs/app/vendor/codeigniter4/framework/system/Model.php(730): CodeIgniter\BaseModel->insert()
#7 /srv/www/htdocs/app/app/Controllers/RestMovie.php(60): CodeIgniter\Model->insert()
#8 /srv/www/htdocs/app/vendor/codeigniter4/framework/system/CodeIgniter.php(932): App\Controllers\RestMovie->create()
#9 /srv/www/htdocs/app/vendor/codeigniter4/framework/system/CodeIgniter.php(497): CodeIgniter\CodeIgniter->runController()
#10 /srv/www/htdocs/app/vendor/codeigniter4/framework/system/CodeIgniter.php(366): CodeIgniter\CodeIgniter->handleRequest()
#11 /srv/www/htdocs/app/public/index.php(67): CodeIgniter\CodeIgniter->run()
#12 /srv/www/htdocs/app/vendor/codeigniter4/framework/system/Commands/Server/rewrite.php(47): require_once('/srv/www/htdocs...')
#13 {main}
CRITICAL - 2023-08-02 12:46:26 --> Operand should contain 1 column(s)
in SYSTEMPATH/Database/MySQLi/Connection.php on line 295.
 1 SYSTEMPATH/Database/MySQLi/Connection.php(295): mysqli->query()
 2 SYSTEMPATH/Database/BaseConnection.php(692): CodeIgniter\Database\MySQLi\Connection->execute()
 3 SYSTEMPATH/Database/BaseConnection.php(606): CodeIgniter\Database\BaseConnection->simpleQuery()
 4 SYSTEMPATH/Database/BaseBuilder.php(2309): CodeIgniter\Database\BaseConnection->query()
 5 SYSTEMPATH/Model.php(330): CodeIgniter\Database\BaseBuilder->insert()
 6 SYSTEMPATH/BaseModel.php(782): CodeIgniter\Model->doInsert()
 7 SYSTEMPATH/Model.php(730): CodeIgniter\BaseModel->insert()
 8 APPPATH/Controllers/RestMovie.php(60): CodeIgniter\Model->insert()
 9 SYSTEMPATH/CodeIgniter.php(932): App\Controllers\RestMovie->create()
10 SYSTEMPATH/CodeIgniter.php(497): CodeIgniter\CodeIgniter->runController()
11 SYSTEMPATH/CodeIgniter.php(366): CodeIgniter\CodeIgniter->handleRequest()
12 FCPATH/index.php(67): CodeIgniter\CodeIgniter->run()
13 SYSTEMPATH/Commands/Server/rewrite.php(47): require_once('/srv/www/htdocs/app/public/index.php')
ERROR - 2023-08-02 12:46:42 --> mysqli_sql_exception: Operand should contain 1 column(s) in /srv/www/htdocs/app/vendor/codeigniter4/framework/system/Database/MySQLi/Connection.php:295
Stack trace:
#0 /srv/www/htdocs/app/vendor/codeigniter4/framework/system/Database/MySQLi/Connection.php(295): mysqli->query()
#1 /srv/www/htdocs/app/vendor/codeigniter4/framework/system/Database/BaseConnection.php(692): CodeIgniter\Database\MySQLi\Connection->execute()
#2 /srv/www/htdocs/app/vendor/codeigniter4/framework/system/Database/BaseConnection.php(606): CodeIgniter\Database\BaseConnection->simpleQuery()
#3 /srv/www/htdocs/app/vendor/codeigniter4/framework/system/Database/BaseBuilder.php(2309): CodeIgniter\Database\BaseConnection->query()
#4 /srv/www/htdocs/app/vendor/codeigniter4/framework/system/Model.php(330): CodeIgniter\Database\BaseBuilder->insert()
#5 /srv/www/htdocs/app/vendor/codeigniter4/framework/system/BaseModel.php(782): CodeIgniter\Model->doInsert()
#6 /srv/www/htdocs/app/vendor/codeigniter4/framework/system/Model.php(730): CodeIgniter\BaseModel->insert()
#7 /srv/www/htdocs/app/app/Controllers/RestMovie.php(60): CodeIgniter\Model->insert()
#8 /srv/www/htdocs/app/vendor/codeigniter4/framework/system/CodeIgniter.php(932): App\Controllers\RestMovie->create()
#9 /srv/www/htdocs/app/vendor/codeigniter4/framework/system/CodeIgniter.php(497): CodeIgniter\CodeIgniter->runController()
#10 /srv/www/htdocs/app/vendor/codeigniter4/framework/system/CodeIgniter.php(366): CodeIgniter\CodeIgniter->handleRequest()
#11 /srv/www/htdocs/app/public/index.php(67): CodeIgniter\CodeIgniter->run()
#12 /srv/www/htdocs/app/vendor/codeigniter4/framework/system/Commands/Server/rewrite.php(47): require_once('/srv/www/htdocs...')
#13 {main}
CRITICAL - 2023-08-02 12:46:42 --> Operand should contain 1 column(s)
in SYSTEMPATH/Database/MySQLi/Connection.php on line 295.
 1 SYSTEMPATH/Database/MySQLi/Connection.php(295): mysqli->query()
 2 SYSTEMPATH/Database/BaseConnection.php(692): CodeIgniter\Database\MySQLi\Connection->execute()
 3 SYSTEMPATH/Database/BaseConnection.php(606): CodeIgniter\Database\BaseConnection->simpleQuery()
 4 SYSTEMPATH/Database/BaseBuilder.php(2309): CodeIgniter\Database\BaseConnection->query()
 5 SYSTEMPATH/Model.php(330): CodeIgniter\Database\BaseBuilder->insert()
 6 SYSTEMPATH/BaseModel.php(782): CodeIgniter\Model->doInsert()
 7 SYSTEMPATH/Model.php(730): CodeIgniter\BaseModel->insert()
 8 APPPATH/Controllers/RestMovie.php(60): CodeIgniter\Model->insert()
 9 SYSTEMPATH/CodeIgniter.php(932): App\Controllers\RestMovie->create()
10 SYSTEMPATH/CodeIgniter.php(497): CodeIgniter\CodeIgniter->runController()
11 SYSTEMPATH/CodeIgniter.php(366): CodeIgniter\CodeIgniter->handleRequest()
12 FCPATH/index.php(67): CodeIgniter\CodeIgniter->run()
13 SYSTEMPATH/Commands/Server/rewrite.php(47): require_once('/srv/www/htdocs/app/public/index.php')
ERROR - 2023-08-02 12:47:59 --> mysqli_sql_exception: Operand should contain 1 column(s) in /srv/www/htdocs/app/vendor/codeigniter4/framework/system/Database/MySQLi/Connection.php:295
Stack trace:
#0 /srv/www/htdocs/app/vendor/codeigniter4/framework/system/Database/MySQLi/Connection.php(295): mysqli->query()
#1 /srv/www/htdocs/app/vendor/codeigniter4/framework/system/Database/BaseConnection.php(692): CodeIgniter\Database\MySQLi\Connection->execute()
#2 /srv/www/htdocs/app/vendor/codeigniter4/framework/system/Database/BaseConnection.php(606): CodeIgniter\Database\BaseConnection->simpleQuery()
#3 /srv/www/htdocs/app/vendor/codeigniter4/framework/system/Database/BaseBuilder.php(2309): CodeIgniter\Database\BaseConnection->query()
#4 /srv/www/htdocs/app/vendor/codeigniter4/framework/system/Model.php(330): CodeIgniter\Database\BaseBuilder->insert()
#5 /srv/www/htdocs/app/vendor/codeigniter4/framework/system/BaseModel.php(782): CodeIgniter\Model->doInsert()
#6 /srv/www/htdocs/app/vendor/codeigniter4/framework/system/Model.php(730): CodeIgniter\BaseModel->insert()
#7 /srv/www/htdocs/app/app/Controllers/RestMovie.php(60): CodeIgniter\Model->insert()
#8 /srv/www/htdocs/app/vendor/codeigniter4/framework/system/CodeIgniter.php(932): App\Controllers\RestMovie->create()
#9 /srv/www/htdocs/app/vendor/codeigniter4/framework/system/CodeIgniter.php(497): CodeIgniter\CodeIgniter->runController()
#10 /srv/www/htdocs/app/vendor/codeigniter4/framework/system/CodeIgniter.php(366): CodeIgniter\CodeIgniter->handleRequest()
#11 /srv/www/htdocs/app/public/index.php(67): CodeIgniter\CodeIgniter->run()
#12 /srv/www/htdocs/app/vendor/codeigniter4/framework/system/Commands/Server/rewrite.php(47): require_once('/srv/www/htdocs...')
#13 {main}
CRITICAL - 2023-08-02 12:47:59 --> Operand should contain 1 column(s)
in SYSTEMPATH/Database/MySQLi/Connection.php on line 295.
 1 SYSTEMPATH/Database/MySQLi/Connection.php(295): mysqli->query()
 2 SYSTEMPATH/Database/BaseConnection.php(692): CodeIgniter\Database\MySQLi\Connection->execute()
 3 SYSTEMPATH/Database/BaseConnection.php(606): CodeIgniter\Database\BaseConnection->simpleQuery()
 4 SYSTEMPATH/Database/BaseBuilder.php(2309): CodeIgniter\Database\BaseConnection->query()
 5 SYSTEMPATH/Model.php(330): CodeIgniter\Database\BaseBuilder->insert()
 6 SYSTEMPATH/BaseModel.php(782): CodeIgniter\Model->doInsert()
 7 SYSTEMPATH/Model.php(730): CodeIgniter\BaseModel->insert()
 8 APPPATH/Controllers/RestMovie.php(60): CodeIgniter\Model->insert()
 9 SYSTEMPATH/CodeIgniter.php(932): App\Controllers\RestMovie->create()
10 SYSTEMPATH/CodeIgniter.php(497): CodeIgniter\CodeIgniter->runController()
11 SYSTEMPATH/CodeIgniter.php(366): CodeIgniter\CodeIgniter->handleRequest()
12 FCPATH/index.php(67): CodeIgniter\CodeIgniter->run()
13 SYSTEMPATH/Commands/Server/rewrite.php(47): require_once('/srv/www/htdocs/app/public/index.php')
CRITICAL - 2023-08-02 16:24:33 --> Undefined index: category_id
in APPPATH/Controllers/RestMovie.php on line 104.
 1 APPPATH/Controllers/RestMovie.php(104): CodeIgniter\Debug\Exceptions->errorHandler()
 2 SYSTEMPATH/CodeIgniter.php(932): App\Controllers\RestMovie->update()
 3 SYSTEMPATH/CodeIgniter.php(497): CodeIgniter\CodeIgniter->runController()
 4 SYSTEMPATH/CodeIgniter.php(366): CodeIgniter\CodeIgniter->handleRequest()
 5 FCPATH/index.php(67): CodeIgniter\CodeIgniter->run()
 6 SYSTEMPATH/Commands/Server/rewrite.php(47): require_once('/srv/www/htdocs/app/public/index.php')
CRITICAL - 2023-08-02 16:26:52 --> Updates are not allowed unless they contain a "where" or "like" clause.
in SYSTEMPATH/Model.php on line 391.
 1 SYSTEMPATH/BaseModel.php(943): CodeIgniter\Model->doUpdate()
 2 SYSTEMPATH/Model.php(756): CodeIgniter\BaseModel->update()
 3 APPPATH/Controllers/RestMovie.php(122): CodeIgniter\Model->update()
 4 SYSTEMPATH/CodeIgniter.php(932): App\Controllers\RestMovie->update()
 5 SYSTEMPATH/CodeIgniter.php(497): CodeIgniter\CodeIgniter->runController()
 6 SYSTEMPATH/CodeIgniter.php(366): CodeIgniter\CodeIgniter->handleRequest()
 7 FCPATH/index.php(67): CodeIgniter\CodeIgniter->run()
 8 SYSTEMPATH/Commands/Server/rewrite.php(47): require_once('/srv/www/htdocs/app/public/index.php')
CRITICAL - 2023-08-02 16:28:37 --> Updates are not allowed unless they contain a "where" or "like" clause.
in SYSTEMPATH/Model.php on line 391.
 1 SYSTEMPATH/BaseModel.php(943): CodeIgniter\Model->doUpdate()
 2 SYSTEMPATH/Model.php(756): CodeIgniter\BaseModel->update()
 3 APPPATH/Controllers/RestMovie.php(119): CodeIgniter\Model->update()
 4 SYSTEMPATH/CodeIgniter.php(932): App\Controllers\RestMovie->update()
 5 SYSTEMPATH/CodeIgniter.php(497): CodeIgniter\CodeIgniter->runController()
 6 SYSTEMPATH/CodeIgniter.php(366): CodeIgniter\CodeIgniter->handleRequest()
 7 FCPATH/index.php(67): CodeIgniter\CodeIgniter->run()
 8 SYSTEMPATH/Commands/Server/rewrite.php(47): require_once('/srv/www/htdocs/app/public/index.php')
CRITICAL - 2023-08-02 16:28:46 --> Updates are not allowed unless they contain a "where" or "like" clause.
in SYSTEMPATH/Model.php on line 391.
 1 SYSTEMPATH/BaseModel.php(943): CodeIgniter\Model->doUpdate()
 2 SYSTEMPATH/Model.php(756): CodeIgniter\BaseModel->update()
 3 APPPATH/Controllers/RestMovie.php(119): CodeIgniter\Model->update()
 4 SYSTEMPATH/CodeIgniter.php(932): App\Controllers\RestMovie->update()
 5 SYSTEMPATH/CodeIgniter.php(497): CodeIgniter\CodeIgniter->runController()
 6 SYSTEMPATH/CodeIgniter.php(366): CodeIgniter\CodeIgniter->handleRequest()
 7 FCPATH/index.php(67): CodeIgniter\CodeIgniter->run()
 8 SYSTEMPATH/Commands/Server/rewrite.php(47): require_once('/srv/www/htdocs/app/public/index.php')
CRITICAL - 2023-08-02 16:29:41 --> Updates are not allowed unless they contain a "where" or "like" clause.
in SYSTEMPATH/Model.php on line 391.
 1 SYSTEMPATH/BaseModel.php(943): CodeIgniter\Model->doUpdate()
 2 SYSTEMPATH/Model.php(756): CodeIgniter\BaseModel->update()
 3 APPPATH/Controllers/RestMovie.php(119): CodeIgniter\Model->update()
 4 SYSTEMPATH/CodeIgniter.php(932): App\Controllers\RestMovie->update()
 5 SYSTEMPATH/CodeIgniter.php(497): CodeIgniter\CodeIgniter->runController()
 6 SYSTEMPATH/CodeIgniter.php(366): CodeIgniter\CodeIgniter->handleRequest()
 7 FCPATH/index.php(67): CodeIgniter\CodeIgniter->run()
 8 SYSTEMPATH/Commands/Server/rewrite.php(47): require_once('/srv/www/htdocs/app/public/index.php')
CRITICAL - 2023-08-02 16:29:58 --> Updates are not allowed unless they contain a "where" or "like" clause.
in SYSTEMPATH/Model.php on line 391.
 1 SYSTEMPATH/BaseModel.php(943): CodeIgniter\Model->doUpdate()
 2 SYSTEMPATH/Model.php(756): CodeIgniter\BaseModel->update()
 3 APPPATH/Controllers/RestMovie.php(119): CodeIgniter\Model->update()
 4 SYSTEMPATH/CodeIgniter.php(932): App\Controllers\RestMovie->update()
 5 SYSTEMPATH/CodeIgniter.php(497): CodeIgniter\CodeIgniter->runController()
 6 SYSTEMPATH/CodeIgniter.php(366): CodeIgniter\CodeIgniter->handleRequest()
 7 FCPATH/index.php(67): CodeIgniter\CodeIgniter->run()
 8 SYSTEMPATH/Commands/Server/rewrite.php(47): require_once('/srv/www/htdocs/app/public/index.php')
CRITICAL - 2023-08-02 16:30:02 --> Updates are not allowed unless they contain a "where" or "like" clause.
in SYSTEMPATH/Model.php on line 391.
 1 SYSTEMPATH/BaseModel.php(943): CodeIgniter\Model->doUpdate()
 2 SYSTEMPATH/Model.php(756): CodeIgniter\BaseModel->update()
 3 APPPATH/Controllers/RestMovie.php(119): CodeIgniter\Model->update()
 4 SYSTEMPATH/CodeIgniter.php(932): App\Controllers\RestMovie->update()
 5 SYSTEMPATH/CodeIgniter.php(497): CodeIgniter\CodeIgniter->runController()
 6 SYSTEMPATH/CodeIgniter.php(366): CodeIgniter\CodeIgniter->handleRequest()
 7 FCPATH/index.php(67): CodeIgniter\CodeIgniter->run()
 8 SYSTEMPATH/Commands/Server/rewrite.php(47): require_once('/srv/www/htdocs/app/public/index.php')
CRITICAL - 2023-08-02 16:30:05 --> Updates are not allowed unless they contain a "where" or "like" clause.
in SYSTEMPATH/Model.php on line 391.
 1 SYSTEMPATH/BaseModel.php(943): CodeIgniter\Model->doUpdate()
 2 SYSTEMPATH/Model.php(756): CodeIgniter\BaseModel->update()
 3 APPPATH/Controllers/RestMovie.php(119): CodeIgniter\Model->update()
 4 SYSTEMPATH/CodeIgniter.php(932): App\Controllers\RestMovie->update()
 5 SYSTEMPATH/CodeIgniter.php(497): CodeIgniter\CodeIgniter->runController()
 6 SYSTEMPATH/CodeIgniter.php(366): CodeIgniter\CodeIgniter->handleRequest()
 7 FCPATH/index.php(67): CodeIgniter\CodeIgniter->run()
 8 SYSTEMPATH/Commands/Server/rewrite.php(47): require_once('/srv/www/htdocs/app/public/index.php')
CRITICAL - 2023-08-02 16:32:37 --> Updates are not allowed unless they contain a "where" or "like" clause.
in SYSTEMPATH/Model.php on line 391.
 1 SYSTEMPATH/BaseModel.php(943): CodeIgniter\Model->doUpdate()
 2 SYSTEMPATH/Model.php(756): CodeIgniter\BaseModel->update()
 3 APPPATH/Controllers/RestMovie.php(119): CodeIgniter\Model->update()
 4 SYSTEMPATH/CodeIgniter.php(932): App\Controllers\RestMovie->update()
 5 SYSTEMPATH/CodeIgniter.php(497): CodeIgniter\CodeIgniter->runController()
 6 SYSTEMPATH/CodeIgniter.php(366): CodeIgniter\CodeIgniter->handleRequest()
 7 FCPATH/index.php(67): CodeIgniter\CodeIgniter->run()
 8 SYSTEMPATH/Commands/Server/rewrite.php(47): require_once('/srv/www/htdocs/app/public/index.php')
CRITICAL - 2023-08-02 16:35:25 --> Updates are not allowed unless they contain a "where" or "like" clause.
in SYSTEMPATH/Model.php on line 391.
 1 SYSTEMPATH/BaseModel.php(943): CodeIgniter\Model->doUpdate()
 2 SYSTEMPATH/Model.php(756): CodeIgniter\BaseModel->update()
 3 APPPATH/Controllers/RestMovie.php(119): CodeIgniter\Model->update()
 4 SYSTEMPATH/CodeIgniter.php(932): App\Controllers\RestMovie->update()
 5 SYSTEMPATH/CodeIgniter.php(497): CodeIgniter\CodeIgniter->runController()
 6 SYSTEMPATH/CodeIgniter.php(366): CodeIgniter\CodeIgniter->handleRequest()
 7 FCPATH/index.php(67): CodeIgniter\CodeIgniter->run()
 8 SYSTEMPATH/Commands/Server/rewrite.php(47): require_once('/srv/www/htdocs/app/public/index.php')
CRITICAL - 2023-08-02 16:36:15 --> Undefined index: category_id
in APPPATH/Controllers/RestMovie.php on line 135.
 1 APPPATH/Controllers/RestMovie.php(135): CodeIgniter\Debug\Exceptions->errorHandler()
 2 SYSTEMPATH/CodeIgniter.php(932): App\Controllers\RestMovie->update()
 3 SYSTEMPATH/CodeIgniter.php(497): CodeIgniter\CodeIgniter->runController()
 4 SYSTEMPATH/CodeIgniter.php(366): CodeIgniter\CodeIgniter->handleRequest()
 5 FCPATH/index.php(67): CodeIgniter\CodeIgniter->run()
 6 SYSTEMPATH/Commands/Server/rewrite.php(47): require_once('/srv/www/htdocs/app/public/index.php')
CRITICAL - 2023-08-02 16:36:25 --> Undefined index: category_id
in APPPATH/Controllers/RestMovie.php on line 135.
 1 APPPATH/Controllers/RestMovie.php(135): CodeIgniter\Debug\Exceptions->errorHandler()
 2 SYSTEMPATH/CodeIgniter.php(932): App\Controllers\RestMovie->update()
 3 SYSTEMPATH/CodeIgniter.php(497): CodeIgniter\CodeIgniter->runController()
 4 SYSTEMPATH/CodeIgniter.php(366): CodeIgniter\CodeIgniter->handleRequest()
 5 FCPATH/index.php(67): CodeIgniter\CodeIgniter->run()
 6 SYSTEMPATH/Commands/Server/rewrite.php(47): require_once('/srv/www/htdocs/app/public/index.php')
CRITICAL - 2023-08-02 16:36:40 --> Undefined index: category_id
in APPPATH/Controllers/RestMovie.php on line 135.
 1 APPPATH/Controllers/RestMovie.php(135): CodeIgniter\Debug\Exceptions->errorHandler()
 2 SYSTEMPATH/CodeIgniter.php(932): App\Controllers\RestMovie->update()
 3 SYSTEMPATH/CodeIgniter.php(497): CodeIgniter\CodeIgniter->runController()
 4 SYSTEMPATH/CodeIgniter.php(366): CodeIgniter\CodeIgniter->handleRequest()
 5 FCPATH/index.php(67): CodeIgniter\CodeIgniter->run()
 6 SYSTEMPATH/Commands/Server/rewrite.php(47): require_once('/srv/www/htdocs/app/public/index.php')
CRITICAL - 2023-08-02 16:38:39 --> Undefined index: category_id
in APPPATH/Controllers/RestMovie.php on line 135.
 1 APPPATH/Controllers/RestMovie.php(135): CodeIgniter\Debug\Exceptions->errorHandler()
 2 SYSTEMPATH/CodeIgniter.php(932): App\Controllers\RestMovie->update()
 3 SYSTEMPATH/CodeIgniter.php(497): CodeIgniter\CodeIgniter->runController()
 4 SYSTEMPATH/CodeIgniter.php(366): CodeIgniter\CodeIgniter->handleRequest()
 5 FCPATH/index.php(67): CodeIgniter\CodeIgniter->run()
 6 SYSTEMPATH/Commands/Server/rewrite.php(47): require_once('/srv/www/htdocs/app/public/index.php')
CRITICAL - 2023-08-02 16:38:55 --> Undefined index: category_id
in APPPATH/Controllers/RestMovie.php on line 135.
 1 APPPATH/Controllers/RestMovie.php(135): CodeIgniter\Debug\Exceptions->errorHandler()
 2 SYSTEMPATH/CodeIgniter.php(932): App\Controllers\RestMovie->update()
 3 SYSTEMPATH/CodeIgniter.php(497): CodeIgniter\CodeIgniter->runController()
 4 SYSTEMPATH/CodeIgniter.php(366): CodeIgniter\CodeIgniter->handleRequest()
 5 FCPATH/index.php(67): CodeIgniter\CodeIgniter->run()
 6 SYSTEMPATH/Commands/Server/rewrite.php(47): require_once('/srv/www/htdocs/app/public/index.php')
CRITICAL - 2023-08-02 16:39:21 --> Undefined index: category_id
in APPPATH/Controllers/RestMovie.php on line 135.
 1 APPPATH/Controllers/RestMovie.php(135): CodeIgniter\Debug\Exceptions->errorHandler()
 2 SYSTEMPATH/CodeIgniter.php(932): App\Controllers\RestMovie->update()
 3 SYSTEMPATH/CodeIgniter.php(497): CodeIgniter\CodeIgniter->runController()
 4 SYSTEMPATH/CodeIgniter.php(366): CodeIgniter\CodeIgniter->handleRequest()
 5 FCPATH/index.php(67): CodeIgniter\CodeIgniter->run()
 6 SYSTEMPATH/Commands/Server/rewrite.php(47): require_once('/srv/www/htdocs/app/public/index.php')
CRITICAL - 2023-08-02 16:40:31 --> Undefined index: category_id
in APPPATH/Controllers/RestMovie.php on line 135.
 1 APPPATH/Controllers/RestMovie.php(135): CodeIgniter\Debug\Exceptions->errorHandler()
 2 SYSTEMPATH/CodeIgniter.php(932): App\Controllers\RestMovie->update()
 3 SYSTEMPATH/CodeIgniter.php(497): CodeIgniter\CodeIgniter->runController()
 4 SYSTEMPATH/CodeIgniter.php(366): CodeIgniter\CodeIgniter->handleRequest()
 5 FCPATH/index.php(67): CodeIgniter\CodeIgniter->run()
 6 SYSTEMPATH/Commands/Server/rewrite.php(47): require_once('/srv/www/htdocs/app/public/index.php')
CRITICAL - 2023-08-02 16:43:03 --> Undefined index: category_id
in APPPATH/Controllers/RestMovie.php on line 135.
 1 APPPATH/Controllers/RestMovie.php(135): CodeIgniter\Debug\Exceptions->errorHandler()
 2 SYSTEMPATH/CodeIgniter.php(932): App\Controllers\RestMovie->update()
 3 SYSTEMPATH/CodeIgniter.php(497): CodeIgniter\CodeIgniter->runController()
 4 SYSTEMPATH/CodeIgniter.php(366): CodeIgniter\CodeIgniter->handleRequest()
 5 FCPATH/index.php(67): CodeIgniter\CodeIgniter->run()
 6 SYSTEMPATH/Commands/Server/rewrite.php(47): require_once('/srv/www/htdocs/app/public/index.php')
CRITICAL - 2023-08-02 16:43:50 --> Cannot use object of type stdClass as array
in APPPATH/Controllers/RestMovie.php on line 135.
 1 SYSTEMPATH/CodeIgniter.php(932): App\Controllers\RestMovie->update()
 2 SYSTEMPATH/CodeIgniter.php(497): CodeIgniter\CodeIgniter->runController()
 3 SYSTEMPATH/CodeIgniter.php(366): CodeIgniter\CodeIgniter->handleRequest()
 4 FCPATH/index.php(67): CodeIgniter\CodeIgniter->run()
 5 SYSTEMPATH/Commands/Server/rewrite.php(47): require_once('/srv/www/htdocs/app/public/index.php')
ERROR - 2023-08-02 18:26:09 --> mysqli_sql_exception: Table 'api.movies' doesn't exist in /srv/www/htdocs/app/vendor/codeigniter4/framework/system/Database/MySQLi/Connection.php:295
Stack trace:
#0 /srv/www/htdocs/app/vendor/codeigniter4/framework/system/Database/MySQLi/Connection.php(295): mysqli->query()
#1 /srv/www/htdocs/app/vendor/codeigniter4/framework/system/Database/BaseConnection.php(692): CodeIgniter\Database\MySQLi\Connection->execute()
#2 /srv/www/htdocs/app/vendor/codeigniter4/framework/system/Database/BaseConnection.php(606): CodeIgniter\Database\BaseConnection->simpleQuery()
#3 /srv/www/htdocs/app/vendor/codeigniter4/framework/system/Database/BaseBuilder.php(1616): CodeIgniter\Database\BaseConnection->query()
#4 /srv/www/htdocs/app/vendor/codeigniter4/framework/system/Model.php(241): CodeIgniter\Database\BaseBuilder->get()
#5 /srv/www/htdocs/app/vendor/codeigniter4/framework/system/BaseModel.php(618): CodeIgniter\Model->doFindAll()
#6 /srv/www/htdocs/app/app/Controllers/RestMovie.php(14): CodeIgniter\BaseModel->findAll()
#7 /srv/www/htdocs/app/vendor/codeigniter4/framework/system/CodeIgniter.php(932): App\Controllers\RestMovie->index()
#8 /srv/www/htdocs/app/vendor/codeigniter4/framework/system/CodeIgniter.php(497): CodeIgniter\CodeIgniter->runController()
#9 /srv/www/htdocs/app/vendor/codeigniter4/framework/system/CodeIgniter.php(366): CodeIgniter\CodeIgniter->handleRequest()
#10 /srv/www/htdocs/app/public/index.php(67): CodeIgniter\CodeIgniter->run()
#11 /srv/www/htdocs/app/vendor/codeigniter4/framework/system/Commands/Server/rewrite.php(47): require_once('/srv/www/htdocs...')
#12 {main}
CRITICAL - 2023-08-02 18:26:09 --> Table 'api.movies' doesn't exist
in SYSTEMPATH/Database/MySQLi/Connection.php on line 295.
 1 SYSTEMPATH/Database/MySQLi/Connection.php(295): mysqli->query()
 2 SYSTEMPATH/Database/BaseConnection.php(692): CodeIgniter\Database\MySQLi\Connection->execute()
 3 SYSTEMPATH/Database/BaseConnection.php(606): CodeIgniter\Database\BaseConnection->simpleQuery()
 4 SYSTEMPATH/Database/BaseBuilder.php(1616): CodeIgniter\Database\BaseConnection->query()
 5 SYSTEMPATH/Model.php(241): CodeIgniter\Database\BaseBuilder->get()
 6 SYSTEMPATH/BaseModel.php(618): CodeIgniter\Model->doFindAll()
 7 APPPATH/Controllers/RestMovie.php(14): CodeIgniter\BaseModel->findAll()
 8 SYSTEMPATH/CodeIgniter.php(932): App\Controllers\RestMovie->index()
 9 SYSTEMPATH/CodeIgniter.php(497): CodeIgniter\CodeIgniter->runController()
10 SYSTEMPATH/CodeIgniter.php(366): CodeIgniter\CodeIgniter->handleRequest()
11 FCPATH/index.php(67): CodeIgniter\CodeIgniter->run()
12 SYSTEMPATH/Commands/Server/rewrite.php(47): require_once('/srv/www/htdocs/app/public/index.php')
CRITICAL - 2023-08-02 19:40:42 --> Allowed memory size of 134217728 bytes exhausted (tried to allocate 21852160 bytes)
in SYSTEMPATH/HTTP/ResponseTrait.php on line 489.
 1 [internal function]: CodeIgniter\Debug\Exceptions->shutdownHandler()
CRITICAL - 2023-08-02 20:18:49 --> Allowed memory size of 134217728 bytes exhausted (tried to allocate 19005440 bytes)
in SYSTEMPATH/HTTP/ResponseTrait.php on line 489.
 1 [internal function]: CodeIgniter\Debug\Exceptions->shutdownHandler()
CRITICAL - 2023-08-02 20:32:21 --> Undefined variable: ScliModel
in APPPATH/Models/ScliModel.php on line 37.
 1 APPPATH/Models/ScliModel.php(37): CodeIgniter\Debug\Exceptions->errorHandler()
 2 SYSTEMPATH/Autoloader/Autoloader.php(314): include_once('/srv/www/htdocs/app/app/Models/ScliModel.php')
 3 SYSTEMPATH/Autoloader/Autoloader.php(291): CodeIgniter\Autoloader\Autoloader->includeFile()
 4 SYSTEMPATH/Autoloader/Autoloader.php(269): CodeIgniter\Autoloader\Autoloader->loadInNamespace()
 5 [internal function]: CodeIgniter\Autoloader\Autoloader->loadClass()
 6 [internal function]: spl_autoload_call()
 7 SYSTEMPATH/RESTful/BaseResource.php(63): class_exists()
 8 SYSTEMPATH/RESTful/BaseResource.php(47): CodeIgniter\RESTful\BaseResource->setModel()
 9 SYSTEMPATH/CodeIgniter.php(905): CodeIgniter\RESTful\BaseResource->initController()
10 SYSTEMPATH/CodeIgniter.php(488): CodeIgniter\CodeIgniter->createController()
11 SYSTEMPATH/CodeIgniter.php(366): CodeIgniter\CodeIgniter->handleRequest()
12 FCPATH/index.php(67): CodeIgniter\CodeIgniter->run()
13 SYSTEMPATH/Commands/Server/rewrite.php(47): require_once('/srv/www/htdocs/app/public/index.php')
CRITICAL - 2023-08-02 20:33:28 --> Undefined variable: ScliModel
in APPPATH/Models/ScliModel.php on line 37.
 1 APPPATH/Models/ScliModel.php(37): CodeIgniter\Debug\Exceptions->errorHandler()
 2 SYSTEMPATH/Autoloader/Autoloader.php(314): include_once('/srv/www/htdocs/app/app/Models/ScliModel.php')
 3 SYSTEMPATH/Autoloader/Autoloader.php(291): CodeIgniter\Autoloader\Autoloader->includeFile()
 4 SYSTEMPATH/Autoloader/Autoloader.php(269): CodeIgniter\Autoloader\Autoloader->loadInNamespace()
 5 [internal function]: CodeIgniter\Autoloader\Autoloader->loadClass()
 6 [internal function]: spl_autoload_call()
 7 SYSTEMPATH/RESTful/BaseResource.php(63): class_exists()
 8 SYSTEMPATH/RESTful/BaseResource.php(47): CodeIgniter\RESTful\BaseResource->setModel()
 9 SYSTEMPATH/CodeIgniter.php(905): CodeIgniter\RESTful\BaseResource->initController()
10 SYSTEMPATH/CodeIgniter.php(488): CodeIgniter\CodeIgniter->createController()
11 SYSTEMPATH/CodeIgniter.php(366): CodeIgniter\CodeIgniter->handleRequest()
12 FCPATH/index.php(67): CodeIgniter\CodeIgniter->run()
13 SYSTEMPATH/Commands/Server/rewrite.php(47): require_once('/srv/www/htdocs/app/public/index.php')
CRITICAL - 2023-08-02 20:34:14 --> Undefined variable: ScliModel
in APPPATH/Models/ScliModel.php on line 37.
 1 APPPATH/Models/ScliModel.php(37): CodeIgniter\Debug\Exceptions->errorHandler()
 2 SYSTEMPATH/Autoloader/Autoloader.php(314): include_once('/srv/www/htdocs/app/app/Models/ScliModel.php')
 3 SYSTEMPATH/Autoloader/Autoloader.php(291): CodeIgniter\Autoloader\Autoloader->includeFile()
 4 SYSTEMPATH/Autoloader/Autoloader.php(269): CodeIgniter\Autoloader\Autoloader->loadInNamespace()
 5 [internal function]: CodeIgniter\Autoloader\Autoloader->loadClass()
 6 [internal function]: spl_autoload_call()
 7 SYSTEMPATH/RESTful/BaseResource.php(63): class_exists()
 8 SYSTEMPATH/RESTful/BaseResource.php(47): CodeIgniter\RESTful\BaseResource->setModel()
 9 SYSTEMPATH/CodeIgniter.php(905): CodeIgniter\RESTful\BaseResource->initController()
10 SYSTEMPATH/CodeIgniter.php(488): CodeIgniter\CodeIgniter->createController()
11 SYSTEMPATH/CodeIgniter.php(366): CodeIgniter\CodeIgniter->handleRequest()
12 FCPATH/index.php(67): CodeIgniter\CodeIgniter->run()
13 SYSTEMPATH/Commands/Server/rewrite.php(47): require_once('/srv/www/htdocs/app/public/index.php')
CRITICAL - 2023-08-02 20:34:16 --> Undefined variable: ScliModel
in APPPATH/Models/ScliModel.php on line 37.
 1 APPPATH/Models/ScliModel.php(37): CodeIgniter\Debug\Exceptions->errorHandler()
 2 SYSTEMPATH/Autoloader/Autoloader.php(314): include_once('/srv/www/htdocs/app/app/Models/ScliModel.php')
 3 SYSTEMPATH/Autoloader/Autoloader.php(291): CodeIgniter\Autoloader\Autoloader->includeFile()
 4 SYSTEMPATH/Autoloader/Autoloader.php(269): CodeIgniter\Autoloader\Autoloader->loadInNamespace()
 5 [internal function]: CodeIgniter\Autoloader\Autoloader->loadClass()
 6 [internal function]: spl_autoload_call()
 7 SYSTEMPATH/RESTful/BaseResource.php(63): class_exists()
 8 SYSTEMPATH/RESTful/BaseResource.php(47): CodeIgniter\RESTful\BaseResource->setModel()
 9 SYSTEMPATH/CodeIgniter.php(905): CodeIgniter\RESTful\BaseResource->initController()
10 SYSTEMPATH/CodeIgniter.php(488): CodeIgniter\CodeIgniter->createController()
11 SYSTEMPATH/CodeIgniter.php(366): CodeIgniter\CodeIgniter->handleRequest()
12 FCPATH/index.php(67): CodeIgniter\CodeIgniter->run()
13 SYSTEMPATH/Commands/Server/rewrite.php(47): require_once('/srv/www/htdocs/app/public/index.php')
CRITICAL - 2023-08-02 20:34:17 --> Undefined variable: ScliModel
in APPPATH/Models/ScliModel.php on line 37.
 1 APPPATH/Models/ScliModel.php(37): CodeIgniter\Debug\Exceptions->errorHandler()
 2 SYSTEMPATH/Autoloader/Autoloader.php(314): include_once('/srv/www/htdocs/app/app/Models/ScliModel.php')
 3 SYSTEMPATH/Autoloader/Autoloader.php(291): CodeIgniter\Autoloader\Autoloader->includeFile()
 4 SYSTEMPATH/Autoloader/Autoloader.php(269): CodeIgniter\Autoloader\Autoloader->loadInNamespace()
 5 [internal function]: CodeIgniter\Autoloader\Autoloader->loadClass()
 6 [internal function]: spl_autoload_call()
 7 SYSTEMPATH/RESTful/BaseResource.php(63): class_exists()
 8 SYSTEMPATH/RESTful/BaseResource.php(47): CodeIgniter\RESTful\BaseResource->setModel()
 9 SYSTEMPATH/CodeIgniter.php(905): CodeIgniter\RESTful\BaseResource->initController()
10 SYSTEMPATH/CodeIgniter.php(488): CodeIgniter\CodeIgniter->createController()
11 SYSTEMPATH/CodeIgniter.php(366): CodeIgniter\CodeIgniter->handleRequest()
12 FCPATH/index.php(67): CodeIgniter\CodeIgniter->run()
13 SYSTEMPATH/Commands/Server/rewrite.php(47): require_once('/srv/www/htdocs/app/public/index.php')
CRITICAL - 2023-08-02 20:34:18 --> Undefined variable: ScliModel
in APPPATH/Models/ScliModel.php on line 37.
 1 APPPATH/Models/ScliModel.php(37): CodeIgniter\Debug\Exceptions->errorHandler()
 2 SYSTEMPATH/Autoloader/Autoloader.php(314): include_once('/srv/www/htdocs/app/app/Models/ScliModel.php')
 3 SYSTEMPATH/Autoloader/Autoloader.php(291): CodeIgniter\Autoloader\Autoloader->includeFile()
 4 SYSTEMPATH/Autoloader/Autoloader.php(269): CodeIgniter\Autoloader\Autoloader->loadInNamespace()
 5 [internal function]: CodeIgniter\Autoloader\Autoloader->loadClass()
 6 [internal function]: spl_autoload_call()
 7 SYSTEMPATH/RESTful/BaseResource.php(63): class_exists()
 8 SYSTEMPATH/RESTful/BaseResource.php(47): CodeIgniter\RESTful\BaseResource->setModel()
 9 SYSTEMPATH/CodeIgniter.php(905): CodeIgniter\RESTful\BaseResource->initController()
10 SYSTEMPATH/CodeIgniter.php(488): CodeIgniter\CodeIgniter->createController()
11 SYSTEMPATH/CodeIgniter.php(366): CodeIgniter\CodeIgniter->handleRequest()
12 FCPATH/index.php(67): CodeIgniter\CodeIgniter->run()
13 SYSTEMPATH/Commands/Server/rewrite.php(47): require_once('/srv/www/htdocs/app/public/index.php')
CRITICAL - 2023-08-02 20:35:14 --> Undefined variable: ScliModel
in APPPATH/Models/ScliModel.php on line 37.
 1 APPPATH/Models/ScliModel.php(37): CodeIgniter\Debug\Exceptions->errorHandler()
 2 SYSTEMPATH/Autoloader/Autoloader.php(314): include_once('/srv/www/htdocs/app/app/Models/ScliModel.php')
 3 SYSTEMPATH/Autoloader/Autoloader.php(291): CodeIgniter\Autoloader\Autoloader->includeFile()
 4 SYSTEMPATH/Autoloader/Autoloader.php(269): CodeIgniter\Autoloader\Autoloader->loadInNamespace()
 5 [internal function]: CodeIgniter\Autoloader\Autoloader->loadClass()
 6 [internal function]: spl_autoload_call()
 7 SYSTEMPATH/RESTful/BaseResource.php(63): class_exists()
 8 SYSTEMPATH/RESTful/BaseResource.php(47): CodeIgniter\RESTful\BaseResource->setModel()
 9 SYSTEMPATH/CodeIgniter.php(905): CodeIgniter\RESTful\BaseResource->initController()
10 SYSTEMPATH/CodeIgniter.php(488): CodeIgniter\CodeIgniter->createController()
11 SYSTEMPATH/CodeIgniter.php(366): CodeIgniter\CodeIgniter->handleRequest()
12 FCPATH/index.php(67): CodeIgniter\CodeIgniter->run()
13 SYSTEMPATH/Commands/Server/rewrite.php(47): require_once('/srv/www/htdocs/app/public/index.php')
CRITICAL - 2023-08-02 20:36:13 --> Undefined variable: ScliModel
in APPPATH/Models/ScliModel.php on line 37.
 1 APPPATH/Models/ScliModel.php(37): CodeIgniter\Debug\Exceptions->errorHandler()
 2 SYSTEMPATH/Autoloader/Autoloader.php(314): include_once('/srv/www/htdocs/app/app/Models/ScliModel.php')
 3 SYSTEMPATH/Autoloader/Autoloader.php(291): CodeIgniter\Autoloader\Autoloader->includeFile()
 4 SYSTEMPATH/Autoloader/Autoloader.php(269): CodeIgniter\Autoloader\Autoloader->loadInNamespace()
 5 [internal function]: CodeIgniter\Autoloader\Autoloader->loadClass()
 6 [internal function]: spl_autoload_call()
 7 SYSTEMPATH/RESTful/BaseResource.php(63): class_exists()
 8 SYSTEMPATH/RESTful/BaseResource.php(47): CodeIgniter\RESTful\BaseResource->setModel()
 9 SYSTEMPATH/CodeIgniter.php(905): CodeIgniter\RESTful\BaseResource->initController()
10 SYSTEMPATH/CodeIgniter.php(488): CodeIgniter\CodeIgniter->createController()
11 SYSTEMPATH/CodeIgniter.php(366): CodeIgniter\CodeIgniter->handleRequest()
12 FCPATH/index.php(67): CodeIgniter\CodeIgniter->run()
13 SYSTEMPATH/Commands/Server/rewrite.php(47): require_once('/srv/www/htdocs/app/public/index.php')
CRITICAL - 2023-08-02 20:36:14 --> Undefined variable: ScliModel
in APPPATH/Models/ScliModel.php on line 37.
 1 APPPATH/Models/ScliModel.php(37): CodeIgniter\Debug\Exceptions->errorHandler()
 2 SYSTEMPATH/Autoloader/Autoloader.php(314): include_once('/srv/www/htdocs/app/app/Models/ScliModel.php')
 3 SYSTEMPATH/Autoloader/Autoloader.php(291): CodeIgniter\Autoloader\Autoloader->includeFile()
 4 SYSTEMPATH/Autoloader/Autoloader.php(269): CodeIgniter\Autoloader\Autoloader->loadInNamespace()
 5 [internal function]: CodeIgniter\Autoloader\Autoloader->loadClass()
 6 [internal function]: spl_autoload_call()
 7 SYSTEMPATH/RESTful/BaseResource.php(63): class_exists()
 8 SYSTEMPATH/RESTful/BaseResource.php(47): CodeIgniter\RESTful\BaseResource->setModel()
 9 SYSTEMPATH/CodeIgniter.php(905): CodeIgniter\RESTful\BaseResource->initController()
10 SYSTEMPATH/CodeIgniter.php(488): CodeIgniter\CodeIgniter->createController()
11 SYSTEMPATH/CodeIgniter.php(366): CodeIgniter\CodeIgniter->handleRequest()
12 FCPATH/index.php(67): CodeIgniter\CodeIgniter->run()
13 SYSTEMPATH/Commands/Server/rewrite.php(47): require_once('/srv/www/htdocs/app/public/index.php')
CRITICAL - 2023-08-02 20:36:48 --> Undefined variable: ScliModel
in APPPATH/Models/ScliModel.php on line 37.
 1 APPPATH/Models/ScliModel.php(37): CodeIgniter\Debug\Exceptions->errorHandler()
 2 SYSTEMPATH/Autoloader/Autoloader.php(314): include_once('/srv/www/htdocs/app/app/Models/ScliModel.php')
 3 SYSTEMPATH/Autoloader/Autoloader.php(291): CodeIgniter\Autoloader\Autoloader->includeFile()
 4 SYSTEMPATH/Autoloader/Autoloader.php(269): CodeIgniter\Autoloader\Autoloader->loadInNamespace()
 5 [internal function]: CodeIgniter\Autoloader\Autoloader->loadClass()
 6 [internal function]: spl_autoload_call()
 7 SYSTEMPATH/RESTful/BaseResource.php(63): class_exists()
 8 SYSTEMPATH/RESTful/BaseResource.php(47): CodeIgniter\RESTful\BaseResource->setModel()
 9 SYSTEMPATH/CodeIgniter.php(905): CodeIgniter\RESTful\BaseResource->initController()
10 SYSTEMPATH/CodeIgniter.php(488): CodeIgniter\CodeIgniter->createController()
11 SYSTEMPATH/CodeIgniter.php(366): CodeIgniter\CodeIgniter->handleRequest()
12 FCPATH/index.php(67): CodeIgniter\CodeIgniter->run()
13 SYSTEMPATH/Commands/Server/rewrite.php(47): require_once('/srv/www/htdocs/app/public/index.php')
CRITICAL - 2023-08-02 20:36:50 --> Undefined variable: ScliModel
in APPPATH/Models/ScliModel.php on line 37.
 1 APPPATH/Models/ScliModel.php(37): CodeIgniter\Debug\Exceptions->errorHandler()
 2 SYSTEMPATH/Autoloader/Autoloader.php(314): include_once('/srv/www/htdocs/app/app/Models/ScliModel.php')
 3 SYSTEMPATH/Autoloader/Autoloader.php(291): CodeIgniter\Autoloader\Autoloader->includeFile()
 4 SYSTEMPATH/Autoloader/Autoloader.php(269): CodeIgniter\Autoloader\Autoloader->loadInNamespace()
 5 [internal function]: CodeIgniter\Autoloader\Autoloader->loadClass()
 6 [internal function]: spl_autoload_call()
 7 SYSTEMPATH/RESTful/BaseResource.php(63): class_exists()
 8 SYSTEMPATH/RESTful/BaseResource.php(47): CodeIgniter\RESTful\BaseResource->setModel()
 9 SYSTEMPATH/CodeIgniter.php(905): CodeIgniter\RESTful\BaseResource->initController()
10 SYSTEMPATH/CodeIgniter.php(488): CodeIgniter\CodeIgniter->createController()
11 SYSTEMPATH/CodeIgniter.php(366): CodeIgniter\CodeIgniter->handleRequest()
12 FCPATH/index.php(67): CodeIgniter\CodeIgniter->run()
13 SYSTEMPATH/Commands/Server/rewrite.php(47): require_once('/srv/www/htdocs/app/public/index.php')
CRITICAL - 2023-08-02 20:37:13 --> Undefined variable: ScliModel
in APPPATH/Models/ScliModel.php on line 37.
 1 APPPATH/Models/ScliModel.php(37): CodeIgniter\Debug\Exceptions->errorHandler()
 2 SYSTEMPATH/Autoloader/Autoloader.php(314): include_once('/srv/www/htdocs/app/app/Models/ScliModel.php')
 3 SYSTEMPATH/Autoloader/Autoloader.php(291): CodeIgniter\Autoloader\Autoloader->includeFile()
 4 SYSTEMPATH/Autoloader/Autoloader.php(269): CodeIgniter\Autoloader\Autoloader->loadInNamespace()
 5 [internal function]: CodeIgniter\Autoloader\Autoloader->loadClass()
 6 [internal function]: spl_autoload_call()
 7 SYSTEMPATH/RESTful/BaseResource.php(63): class_exists()
 8 SYSTEMPATH/RESTful/BaseResource.php(47): CodeIgniter\RESTful\BaseResource->setModel()
 9 SYSTEMPATH/CodeIgniter.php(905): CodeIgniter\RESTful\BaseResource->initController()
10 SYSTEMPATH/CodeIgniter.php(488): CodeIgniter\CodeIgniter->createController()
11 SYSTEMPATH/CodeIgniter.php(366): CodeIgniter\CodeIgniter->handleRequest()
12 FCPATH/index.php(67): CodeIgniter\CodeIgniter->run()
13 SYSTEMPATH/Commands/Server/rewrite.php(47): require_once('/srv/www/htdocs/app/public/index.php')
CRITICAL - 2023-08-02 20:37:20 --> Undefined variable: ScliModel
in APPPATH/Models/ScliModel.php on line 37.
 1 APPPATH/Models/ScliModel.php(37): CodeIgniter\Debug\Exceptions->errorHandler()
 2 SYSTEMPATH/Autoloader/Autoloader.php(314): include_once('/srv/www/htdocs/app/app/Models/ScliModel.php')
 3 SYSTEMPATH/Autoloader/Autoloader.php(291): CodeIgniter\Autoloader\Autoloader->includeFile()
 4 SYSTEMPATH/Autoloader/Autoloader.php(269): CodeIgniter\Autoloader\Autoloader->loadInNamespace()
 5 [internal function]: CodeIgniter\Autoloader\Autoloader->loadClass()
 6 [internal function]: spl_autoload_call()
 7 SYSTEMPATH/RESTful/BaseResource.php(63): class_exists()
 8 SYSTEMPATH/RESTful/BaseResource.php(47): CodeIgniter\RESTful\BaseResource->setModel()
 9 SYSTEMPATH/CodeIgniter.php(905): CodeIgniter\RESTful\BaseResource->initController()
10 SYSTEMPATH/CodeIgniter.php(488): CodeIgniter\CodeIgniter->createController()
11 SYSTEMPATH/CodeIgniter.php(366): CodeIgniter\CodeIgniter->handleRequest()
12 FCPATH/index.php(67): CodeIgniter\CodeIgniter->run()
13 SYSTEMPATH/Commands/Server/rewrite.php(47): require_once('/srv/www/htdocs/app/public/index.php')
CRITICAL - 2023-08-02 20:37:22 --> Undefined variable: ScliModel
in APPPATH/Models/ScliModel.php on line 37.
 1 APPPATH/Models/ScliModel.php(37): CodeIgniter\Debug\Exceptions->errorHandler()
 2 SYSTEMPATH/Autoloader/Autoloader.php(314): include_once('/srv/www/htdocs/app/app/Models/ScliModel.php')
 3 SYSTEMPATH/Autoloader/Autoloader.php(291): CodeIgniter\Autoloader\Autoloader->includeFile()
 4 SYSTEMPATH/Autoloader/Autoloader.php(269): CodeIgniter\Autoloader\Autoloader->loadInNamespace()
 5 [internal function]: CodeIgniter\Autoloader\Autoloader->loadClass()
 6 [internal function]: spl_autoload_call()
 7 SYSTEMPATH/RESTful/BaseResource.php(63): class_exists()
 8 SYSTEMPATH/RESTful/BaseResource.php(47): CodeIgniter\RESTful\BaseResource->setModel()
 9 SYSTEMPATH/CodeIgniter.php(905): CodeIgniter\RESTful\BaseResource->initController()
10 SYSTEMPATH/CodeIgniter.php(488): CodeIgniter\CodeIgniter->createController()
11 SYSTEMPATH/CodeIgniter.php(366): CodeIgniter\CodeIgniter->handleRequest()
12 FCPATH/index.php(67): CodeIgniter\CodeIgniter->run()
13 SYSTEMPATH/Commands/Server/rewrite.php(47): require_once('/srv/www/htdocs/app/public/index.php')
CRITICAL - 2023-08-02 20:37:28 --> Undefined variable: ScliModel
in APPPATH/Models/ScliModel.php on line 37.
 1 APPPATH/Models/ScliModel.php(37): CodeIgniter\Debug\Exceptions->errorHandler()
 2 SYSTEMPATH/Autoloader/Autoloader.php(314): include_once('/srv/www/htdocs/app/app/Models/ScliModel.php')
 3 SYSTEMPATH/Autoloader/Autoloader.php(291): CodeIgniter\Autoloader\Autoloader->includeFile()
 4 SYSTEMPATH/Autoloader/Autoloader.php(269): CodeIgniter\Autoloader\Autoloader->loadInNamespace()
 5 [internal function]: CodeIgniter\Autoloader\Autoloader->loadClass()
 6 [internal function]: spl_autoload_call()
 7 SYSTEMPATH/RESTful/BaseResource.php(63): class_exists()
 8 SYSTEMPATH/RESTful/BaseResource.php(47): CodeIgniter\RESTful\BaseResource->setModel()
 9 SYSTEMPATH/CodeIgniter.php(905): CodeIgniter\RESTful\BaseResource->initController()
10 SYSTEMPATH/CodeIgniter.php(488): CodeIgniter\CodeIgniter->createController()
11 SYSTEMPATH/CodeIgniter.php(366): CodeIgniter\CodeIgniter->handleRequest()
12 FCPATH/index.php(67): CodeIgniter\CodeIgniter->run()
13 SYSTEMPATH/Commands/Server/rewrite.php(47): require_once('/srv/www/htdocs/app/public/index.php')
CRITICAL - 2023-08-02 20:37:39 --> Undefined variable: ScliModel
in APPPATH/Models/ScliModel.php on line 37.
 1 APPPATH/Models/ScliModel.php(37): CodeIgniter\Debug\Exceptions->errorHandler()
 2 SYSTEMPATH/Autoloader/Autoloader.php(314): include_once('/srv/www/htdocs/app/app/Models/ScliModel.php')
 3 SYSTEMPATH/Autoloader/Autoloader.php(291): CodeIgniter\Autoloader\Autoloader->includeFile()
 4 SYSTEMPATH/Autoloader/Autoloader.php(269): CodeIgniter\Autoloader\Autoloader->loadInNamespace()
 5 [internal function]: CodeIgniter\Autoloader\Autoloader->loadClass()
 6 [internal function]: spl_autoload_call()
 7 SYSTEMPATH/RESTful/BaseResource.php(63): class_exists()
 8 SYSTEMPATH/RESTful/BaseResource.php(47): CodeIgniter\RESTful\BaseResource->setModel()
 9 SYSTEMPATH/CodeIgniter.php(905): CodeIgniter\RESTful\BaseResource->initController()
10 SYSTEMPATH/CodeIgniter.php(488): CodeIgniter\CodeIgniter->createController()
11 SYSTEMPATH/CodeIgniter.php(366): CodeIgniter\CodeIgniter->handleRequest()
12 FCPATH/index.php(67): CodeIgniter\CodeIgniter->run()
13 SYSTEMPATH/Commands/Server/rewrite.php(47): require_once('/srv/www/htdocs/app/public/index.php')
CRITICAL - 2023-08-02 20:38:15 --> Undefined variable: ScliModel
in APPPATH/Models/ScliModel.php on line 37.
 1 APPPATH/Models/ScliModel.php(37): CodeIgniter\Debug\Exceptions->errorHandler()
 2 SYSTEMPATH/Autoloader/Autoloader.php(314): include_once('/srv/www/htdocs/app/app/Models/ScliModel.php')
 3 SYSTEMPATH/Autoloader/Autoloader.php(291): CodeIgniter\Autoloader\Autoloader->includeFile()
 4 SYSTEMPATH/Autoloader/Autoloader.php(269): CodeIgniter\Autoloader\Autoloader->loadInNamespace()
 5 [internal function]: CodeIgniter\Autoloader\Autoloader->loadClass()
 6 [internal function]: spl_autoload_call()
 7 SYSTEMPATH/RESTful/BaseResource.php(63): class_exists()
 8 SYSTEMPATH/RESTful/BaseResource.php(47): CodeIgniter\RESTful\BaseResource->setModel()
 9 SYSTEMPATH/CodeIgniter.php(905): CodeIgniter\RESTful\BaseResource->initController()
10 SYSTEMPATH/CodeIgniter.php(488): CodeIgniter\CodeIgniter->createController()
11 SYSTEMPATH/CodeIgniter.php(366): CodeIgniter\CodeIgniter->handleRequest()
12 FCPATH/index.php(67): CodeIgniter\CodeIgniter->run()
13 SYSTEMPATH/Commands/Server/rewrite.php(47): require_once('/srv/www/htdocs/app/public/index.php')
CRITICAL - 2023-08-02 20:38:17 --> Undefined variable: ScliModel
in APPPATH/Models/ScliModel.php on line 37.
 1 APPPATH/Models/ScliModel.php(37): CodeIgniter\Debug\Exceptions->errorHandler()
 2 SYSTEMPATH/Autoloader/Autoloader.php(314): include_once('/srv/www/htdocs/app/app/Models/ScliModel.php')
 3 SYSTEMPATH/Autoloader/Autoloader.php(291): CodeIgniter\Autoloader\Autoloader->includeFile()
 4 SYSTEMPATH/Autoloader/Autoloader.php(269): CodeIgniter\Autoloader\Autoloader->loadInNamespace()
 5 [internal function]: CodeIgniter\Autoloader\Autoloader->loadClass()
 6 [internal function]: spl_autoload_call()
 7 SYSTEMPATH/RESTful/BaseResource.php(63): class_exists()
 8 SYSTEMPATH/RESTful/BaseResource.php(47): CodeIgniter\RESTful\BaseResource->setModel()
 9 SYSTEMPATH/CodeIgniter.php(905): CodeIgniter\RESTful\BaseResource->initController()
10 SYSTEMPATH/CodeIgniter.php(488): CodeIgniter\CodeIgniter->createController()
11 SYSTEMPATH/CodeIgniter.php(366): CodeIgniter\CodeIgniter->handleRequest()
12 FCPATH/index.php(67): CodeIgniter\CodeIgniter->run()
13 SYSTEMPATH/Commands/Server/rewrite.php(47): require_once('/srv/www/htdocs/app/public/index.php')
CRITICAL - 2023-08-02 20:38:17 --> Undefined variable: ScliModel
in APPPATH/Models/ScliModel.php on line 37.
 1 APPPATH/Models/ScliModel.php(37): CodeIgniter\Debug\Exceptions->errorHandler()
 2 SYSTEMPATH/Autoloader/Autoloader.php(314): include_once('/srv/www/htdocs/app/app/Models/ScliModel.php')
 3 SYSTEMPATH/Autoloader/Autoloader.php(291): CodeIgniter\Autoloader\Autoloader->includeFile()
 4 SYSTEMPATH/Autoloader/Autoloader.php(269): CodeIgniter\Autoloader\Autoloader->loadInNamespace()
 5 [internal function]: CodeIgniter\Autoloader\Autoloader->loadClass()
 6 [internal function]: spl_autoload_call()
 7 SYSTEMPATH/RESTful/BaseResource.php(63): class_exists()
 8 SYSTEMPATH/RESTful/BaseResource.php(47): CodeIgniter\RESTful\BaseResource->setModel()
 9 SYSTEMPATH/CodeIgniter.php(905): CodeIgniter\RESTful\BaseResource->initController()
10 SYSTEMPATH/CodeIgniter.php(488): CodeIgniter\CodeIgniter->createController()
11 SYSTEMPATH/CodeIgniter.php(366): CodeIgniter\CodeIgniter->handleRequest()
12 FCPATH/index.php(67): CodeIgniter\CodeIgniter->run()
13 SYSTEMPATH/Commands/Server/rewrite.php(47): require_once('/srv/www/htdocs/app/public/index.php')
CRITICAL - 2023-08-02 20:39:02 --> Undefined variable: ScliModel
in APPPATH/Models/ScliModel.php on line 37.
 1 APPPATH/Models/ScliModel.php(37): CodeIgniter\Debug\Exceptions->errorHandler()
 2 SYSTEMPATH/Autoloader/Autoloader.php(314): include_once('/srv/www/htdocs/app/app/Models/ScliModel.php')
 3 SYSTEMPATH/Autoloader/Autoloader.php(291): CodeIgniter\Autoloader\Autoloader->includeFile()
 4 SYSTEMPATH/Autoloader/Autoloader.php(269): CodeIgniter\Autoloader\Autoloader->loadInNamespace()
 5 [internal function]: CodeIgniter\Autoloader\Autoloader->loadClass()
 6 [internal function]: spl_autoload_call()
 7 SYSTEMPATH/RESTful/BaseResource.php(63): class_exists()
 8 SYSTEMPATH/RESTful/BaseResource.php(47): CodeIgniter\RESTful\BaseResource->setModel()
 9 SYSTEMPATH/CodeIgniter.php(905): CodeIgniter\RESTful\BaseResource->initController()
10 SYSTEMPATH/CodeIgniter.php(488): CodeIgniter\CodeIgniter->createController()
11 SYSTEMPATH/CodeIgniter.php(366): CodeIgniter\CodeIgniter->handleRequest()
12 FCPATH/index.php(67): CodeIgniter\CodeIgniter->run()
13 SYSTEMPATH/Commands/Server/rewrite.php(47): require_once('/srv/www/htdocs/app/public/index.php')
CRITICAL - 2023-08-02 20:39:03 --> Undefined variable: ScliModel
in APPPATH/Models/ScliModel.php on line 37.
 1 APPPATH/Models/ScliModel.php(37): CodeIgniter\Debug\Exceptions->errorHandler()
 2 SYSTEMPATH/Autoloader/Autoloader.php(314): include_once('/srv/www/htdocs/app/app/Models/ScliModel.php')
 3 SYSTEMPATH/Autoloader/Autoloader.php(291): CodeIgniter\Autoloader\Autoloader->includeFile()
 4 SYSTEMPATH/Autoloader/Autoloader.php(269): CodeIgniter\Autoloader\Autoloader->loadInNamespace()
 5 [internal function]: CodeIgniter\Autoloader\Autoloader->loadClass()
 6 [internal function]: spl_autoload_call()
 7 SYSTEMPATH/RESTful/BaseResource.php(63): class_exists()
 8 SYSTEMPATH/RESTful/BaseResource.php(47): CodeIgniter\RESTful\BaseResource->setModel()
 9 SYSTEMPATH/CodeIgniter.php(905): CodeIgniter\RESTful\BaseResource->initController()
10 SYSTEMPATH/CodeIgniter.php(488): CodeIgniter\CodeIgniter->createController()
11 SYSTEMPATH/CodeIgniter.php(366): CodeIgniter\CodeIgniter->handleRequest()
12 FCPATH/index.php(67): CodeIgniter\CodeIgniter->run()
13 SYSTEMPATH/Commands/Server/rewrite.php(47): require_once('/srv/www/htdocs/app/public/index.php')
CRITICAL - 2023-08-02 20:59:48 --> Allowed memory size of 134217728 bytes exhausted (tried to allocate 12288 bytes)
in SYSTEMPATH/Database/MySQLi/Result.php on line 138.
 1 [internal function]: CodeIgniter\Debug\Exceptions->shutdownHandler()
CRITICAL - 2023-08-02 21:00:06 --> Allowed memory size of 134217728 bytes exhausted (tried to allocate 14684160 bytes)
in SYSTEMPATH/Format/JSONFormatter.php on line 38.
 1 [internal function]: CodeIgniter\Debug\Exceptions->shutdownHandler()
